<?xml version="1.0" encoding="UTF-8"?>
<testng-results skipped="0" failed="1" ignored="0" total="1" passed="0">
  <reporter-output>
    <line>
      <![CDATA[Clicking on element with using java script click]]>
    </line>
    <line>
      <![CDATA[ element is enabled]]>
    </line>
  </reporter-output>
  <suite name="Suite" duration-ms="23198" started-at="2018-08-28T08:59:28Z" finished-at="2018-08-28T08:59:51Z">
    <groups>
    </groups>
    <test name="Test" duration-ms="23198" started-at="2018-08-28T08:59:28Z" finished-at="2018-08-28T08:59:51Z">
      <class name="com.epam.cleartrip.steps.OneWayTripTest">
        <test-method status="FAIL" signature="one_way_trip_booking()[pri:0, instance:com.epam.cleartrip.steps.OneWayTripTest@21213b92]" name="one_way_trip_booking" duration-ms="15808" started-at="2018-08-28T08:59:35Z" finished-at="2018-08-28T08:59:51Z">
          <exception class="org.openqa.selenium.ElementNotVisibleException">
            <message>
              <![CDATA[element not visible: Element is not currently visible and may not be manipulated
  (Session info: chrome=68.0.3440.106)
  (Driver info: chromedriver=2.41.578737 (49da6702b16031c40d63e5618de03a32ff6c197e),platform=Windows NT 10.0.16299 x86_64) (WARNING: The server did not provide any stacktrace information)
Command duration or timeout: 18 milliseconds
Build info: version: '2.53.0', revision: '35ae25b1534ae328c771e0856c93e187490ca824', time: '2016-03-15 10:43:46'
System info: host: 'EPINPUNW0039', ip: '10.22.94.84', os.name: 'Windows 10', os.arch: 'amd64', os.version: '10.0', java.version: '1.8.0_121'
Driver info: org.openqa.selenium.chrome.ChromeDriver
Capabilities [{mobileEmulationEnabled=false, hasTouchScreen=false, platform=XP, acceptSslCerts=false, goog:chromeOptions={debuggerAddress=localhost:57324}, acceptInsecureCerts=false, webStorageEnabled=true, browserName=chrome, takesScreenshot=true, javascriptEnabled=true, setWindowRect=true, unexpectedAlertBehaviour=, applicationCacheEnabled=false, rotatable=false, networkConnectionEnabled=false, chrome={chromedriverVersion=2.41.578737 (49da6702b16031c40d63e5618de03a32ff6c197e), userDataDir=C:\Users\PRIYA_~1\AppData\Local\Temp\scoped_dir4764_8330}, takesHeapSnapshot=true, pageLoadStrategy=normal, databaseEnabled=false, handlesAlerts=true, version=68.0.3440.106, browserConnectionEnabled=false, nativeEvents=true, locationContextEnabled=true, cssSelectorsEnabled=true}]
Session ID: f33325e2e746f70e86ba2ae89d97c540]]>
            </message>
            <full-stacktrace>
              <![CDATA[org.openqa.selenium.ElementNotVisibleException: element not visible: Element is not currently visible and may not be manipulated
  (Session info: chrome=68.0.3440.106)
  (Driver info: chromedriver=2.41.578737 (49da6702b16031c40d63e5618de03a32ff6c197e),platform=Windows NT 10.0.16299 x86_64) (WARNING: The server did not provide any stacktrace information)
Command duration or timeout: 18 milliseconds
Build info: version: '2.53.0', revision: '35ae25b1534ae328c771e0856c93e187490ca824', time: '2016-03-15 10:43:46'
System info: host: 'EPINPUNW0039', ip: '10.22.94.84', os.name: 'Windows 10', os.arch: 'amd64', os.version: '10.0', java.version: '1.8.0_121'
Driver info: org.openqa.selenium.chrome.ChromeDriver
Capabilities [{mobileEmulationEnabled=false, hasTouchScreen=false, platform=XP, acceptSslCerts=false, goog:chromeOptions={debuggerAddress=localhost:57324}, acceptInsecureCerts=false, webStorageEnabled=true, browserName=chrome, takesScreenshot=true, javascriptEnabled=true, setWindowRect=true, unexpectedAlertBehaviour=, applicationCacheEnabled=false, rotatable=false, networkConnectionEnabled=false, chrome={chromedriverVersion=2.41.578737 (49da6702b16031c40d63e5618de03a32ff6c197e), userDataDir=C:\Users\PRIYA_~1\AppData\Local\Temp\scoped_dir4764_8330}, takesHeapSnapshot=true, pageLoadStrategy=normal, databaseEnabled=false, handlesAlerts=true, version=68.0.3440.106, browserConnectionEnabled=false, nativeEvents=true, locationContextEnabled=true, cssSelectorsEnabled=true}]
Session ID: f33325e2e746f70e86ba2ae89d97c540
at sun.reflect.NativeConstructorAccessorImpl.newInstance0(Native Method)
at sun.reflect.NativeConstructorAccessorImpl.newInstance(Unknown Source)
at sun.reflect.DelegatingConstructorAccessorImpl.newInstance(Unknown Source)
at java.lang.reflect.Constructor.newInstance(Unknown Source)
at org.openqa.selenium.remote.ErrorHandler.createThrowable(ErrorHandler.java:206)
at org.openqa.selenium.remote.ErrorHandler.throwIfResponseFailed(ErrorHandler.java:158)
at org.openqa.selenium.remote.RemoteWebDriver.execute(RemoteWebDriver.java:678)
at org.openqa.selenium.remote.RemoteWebElement.execute(RemoteWebElement.java:327)
at org.openqa.selenium.remote.RemoteWebElement.click(RemoteWebElement.java:85)
at org.openqa.selenium.support.ui.Select.setSelected(Select.java:323)
at org.openqa.selenium.support.ui.Select.selectByVisibleText(Select.java:119)
at com.epam.cleartrip.suitbase.AbstractSuitSteps.selectOptions(AbstractSuitSteps.java:84)
at com.epam.cleartrip.pages.HomePage.selectTitle(HomePage.java:141)
at com.epam.cleartrip.pages.HomePage.travelBooking(HomePage.java:175)
at com.epam.cleartrip.actions.HomePageAction.oneWayTrupBooking(HomePageAction.java:12)
at com.epam.cleartrip.steps.OneWayTripTest.one_way_trip_booking(OneWayTripTest.java:18)
at sun.reflect.NativeMethodAccessorImpl.invoke0(Native Method)
at sun.reflect.NativeMethodAccessorImpl.invoke(Unknown Source)
at sun.reflect.DelegatingMethodAccessorImpl.invoke(Unknown Source)
at java.lang.reflect.Method.invoke(Unknown Source)
at org.testng.internal.MethodInvocationHelper.invokeMethod(MethodInvocationHelper.java:124)
at org.testng.internal.Invoker.invokeMethod(Invoker.java:580)
at org.testng.internal.Invoker.invokeTestMethod(Invoker.java:716)
at org.testng.internal.Invoker.invokeTestMethods(Invoker.java:988)
at org.testng.internal.TestMethodWorker.invokeTestMethods(TestMethodWorker.java:125)
at org.testng.internal.TestMethodWorker.run(TestMethodWorker.java:109)
at org.testng.TestRunner.privateRun(TestRunner.java:648)
at org.testng.TestRunner.run(TestRunner.java:505)
at org.testng.SuiteRunner.runTest(SuiteRunner.java:455)
at org.testng.SuiteRunner.runSequentially(SuiteRunner.java:450)
at org.testng.SuiteRunner.privateRun(SuiteRunner.java:415)
at org.testng.SuiteRunner.run(SuiteRunner.java:364)
at org.testng.SuiteRunnerWorker.runSuite(SuiteRunnerWorker.java:52)
at org.testng.SuiteRunnerWorker.run(SuiteRunnerWorker.java:84)
at org.testng.TestNG.runSuitesSequentially(TestNG.java:1208)
at org.testng.TestNG.runSuitesLocally(TestNG.java:1137)
at org.testng.TestNG.runSuites(TestNG.java:1049)
at org.testng.TestNG.run(TestNG.java:1017)
at org.testng.remote.AbstractRemoteTestNG.run(AbstractRemoteTestNG.java:114)
at org.testng.remote.RemoteTestNG.initAndRun(RemoteTestNG.java:251)
at org.testng.remote.RemoteTestNG.main(RemoteTestNG.java:77)
]]>
            </full-stacktrace>
          </exception> <!-- org.openqa.selenium.ElementNotVisibleException -->
          <reporter-output>
            <line>
              <![CDATA[Clicking on element with using java script click]]>
            </line>
            <line>
              <![CDATA[ element is enabled]]>
            </line>
          </reporter-output>
        </test-method> <!-- one_way_trip_booking -->
      </class> <!-- com.epam.cleartrip.steps.OneWayTripTest -->
      <class name="com.epam.cleartrip.suitbase.BaseUtilityClearTrip">
        <test-method status="PASS" signature="loadJsonData()[pri:0, instance:com.epam.cleartrip.suitbase.BaseUtilityClearTrip@71318ec4]" name="loadJsonData" is-config="true" duration-ms="127" started-at="2018-08-28T08:59:27Z" finished-at="2018-08-28T08:59:28Z">
          <reporter-output>
          </reporter-output>
        </test-method> <!-- loadJsonData -->
        <test-method status="PASS" signature="selectBrowser(java.lang.String)[pri:0, instance:com.epam.cleartrip.suitbase.BaseUtilityClearTrip@71318ec4]" name="selectBrowser" is-config="true" duration-ms="7375" started-at="2018-08-28T08:59:28Z" finished-at="2018-08-28T08:59:35Z">
          <params>
            <param index="0">
              <value>
                <![CDATA[chrome]]>
              </value>
            </param>
          </params>
          <reporter-output>
          </reporter-output>
        </test-method> <!-- selectBrowser -->
        <test-method status="PASS" signature="tearDown()[pri:0, instance:com.epam.cleartrip.suitbase.BaseUtilityClearTrip@71318ec4]" name="tearDown" is-config="true" duration-ms="8074" started-at="2018-08-28T08:59:51Z" finished-at="2018-08-28T08:59:59Z">
          <reporter-output>
          </reporter-output>
        </test-method> <!-- tearDown -->
      </class> <!-- com.epam.cleartrip.suitbase.BaseUtilityClearTrip -->
    </test> <!-- Test -->
  </suite> <!-- Suite -->
</testng-results>
